  Board.cpp
E:\COP3503\Projects\Project 3\Board.cpp(54,43): warning C4244: 'argument': conversion from 'T' to 'T', possible loss of data
          with
          [
              T=int
          ]
          and
          [
              T=float
          ]
E:\COP3503\Projects\Project 3\Board.cpp(54,31): warning C4244: 'argument': conversion from 'T' to 'T', possible loss of data
          with
          [
              T=int
          ]
          and
          [
              T=float
          ]
  Project 3.vcxproj -> E:\COP3503\Projects\Debug\Project 3.exe
